  Cube.cpp
C:\Users\h014626l\Documents\GitHub\F.O.G.G.S_v2.0\HelloGL\Cube.cpp(81,36): warning C4244: '=': conversion from 'int' to 'GLfloat', possible loss of data
C:\Users\h014626l\Documents\GitHub\F.O.G.G.S_v2.0\HelloGL\Cube.cpp(84,36): warning C4244: '=': conversion from 'int' to 'GLfloat', possible loss of data
C:\Users\h014626l\Documents\GitHub\F.O.G.G.S_v2.0\HelloGL\Cube.cpp(87,36): warning C4244: '=': conversion from 'int' to 'GLfloat', possible loss of data
C:\Users\h014626l\Documents\GitHub\F.O.G.G.S_v2.0\HelloGL\Cube.cpp(95,35): warning C4244: '=': conversion from 'int' to 'GLfloat', possible loss of data
C:\Users\h014626l\Documents\GitHub\F.O.G.G.S_v2.0\HelloGL\Cube.cpp(97,35): warning C4244: '=': conversion from 'int' to 'GLfloat', possible loss of data
C:\Users\h014626l\Documents\GitHub\F.O.G.G.S_v2.0\HelloGL\Cube.cpp(99,35): warning C4244: '=': conversion from 'int' to 'GLfloat', possible loss of data
HelloGL.obj : error LNK2019: unresolved external symbol __imp_glutInitWindowPosition referenced in function "public: __cdecl HelloGL::HelloGL(int,char * * const)" (??0HelloGL@@QEAA@HQEAPEAD@Z)
HelloGL.obj : error LNK2019: unresolved external symbol __imp_glutInitWindowSize referenced in function "public: __cdecl HelloGL::HelloGL(int,char * * const)" (??0HelloGL@@QEAA@HQEAPEAD@Z)
HelloGL.obj : error LNK2019: unresolved external symbol __imp_glutInitDisplayMode referenced in function "public: __cdecl HelloGL::HelloGL(int,char * * const)" (??0HelloGL@@QEAA@HQEAPEAD@Z)
HelloGL.obj : error LNK2019: unresolved external symbol __imp_glutMainLoop referenced in function "public: __cdecl HelloGL::HelloGL(int,char * * const)" (??0HelloGL@@QEAA@HQEAPEAD@Z)
HelloGL.obj : error LNK2019: unresolved external symbol __imp_glutPostRedisplay referenced in function "public: void __cdecl HelloGL::Update(void)" (?Update@HelloGL@@QEAAXXZ)
HelloGL.obj : error LNK2019: unresolved external symbol __imp_glutSwapBuffers referenced in function "public: void __cdecl HelloGL::Display(void)" (?Display@HelloGL@@QEAAXXZ)
HelloGL.obj : error LNK2019: unresolved external symbol __imp_glutTimerFunc referenced in function "public: __cdecl HelloGL::HelloGL(int,char * * const)" (??0HelloGL@@QEAA@HQEAPEAD@Z)
GLUTCallbacks.obj : error LNK2001: unresolved external symbol __imp_glutTimerFunc
HelloGL.obj : error LNK2019: unresolved external symbol __imp_glutKeyboardFunc referenced in function "public: __cdecl HelloGL::HelloGL(int,char * * const)" (??0HelloGL@@QEAA@HQEAPEAD@Z)
HelloGL.obj : error LNK2019: unresolved external symbol __imp_glutDisplayFunc referenced in function "public: __cdecl HelloGL::HelloGL(int,char * * const)" (??0HelloGL@@QEAA@HQEAPEAD@Z)
HelloGL.obj : error LNK2019: unresolved external symbol __imp___glutInitWithExit referenced in function glutInit_ATEXIT_HACK
HelloGL.obj : error LNK2019: unresolved external symbol __imp___glutCreateWindowWithExit referenced in function glutCreateWindow_ATEXIT_HACK
GLUTCallbacks.obj : error LNK2019: unresolved external symbol __imp_glutGet referenced in function "void __cdecl GLUTCallbacks::Timer(int)" (?Timer@GLUTCallbacks@@YAXH@Z)
freeglut.lib : warning LNK4272: library machine type 'x86' conflicts with target machine type 'x64'
C:\Users\h014626l\Documents\GitHub\F.O.G.G.S_v2.0\HelloGL\x64\Debug\HelloGL.exe : fatal error LNK1120: 12 unresolved externals
